<?xml version="1.0" encoding="UTF-8"?>
<testsuite xmlns:xsi="http://www.w3.org/2001/XMLSchema-instance" xsi:noNamespaceSchemaLocation="https://maven.apache.org/surefire/maven-surefire-plugin/xsd/surefire-test-report.xsd" version="3.0.2" name="TestSuite" time="171.295" tests="4" errors="0" skipped="0" failures="0">
  <properties>
    <property name="java.specification.version" value="17"/>
    <property name="webdriver.chrome.driver" value="C:\Program Files\Google\Chrome\Application\chromedriver.exe"/>
    <property name="sun.cpu.isalist" value="amd64"/>
    <property name="sun.jnu.encoding" value="Cp1252"/>
    <property name="java.class.path" value="C:\Users\kk\eclipse-workspace\TestCreation\ModuleLogic\target\test-classes;C:\Users\kk\eclipse-workspace\TestCreation\ModuleLogic\target\classes;C:\Users\kk\.m2\repository\org\seleniumhq\selenium\selenium-java\4.8.1\selenium-java-4.8.1.jar;C:\Users\kk\.m2\repository\org\seleniumhq\selenium\selenium-api\4.8.1\selenium-api-4.8.1.jar;C:\Users\kk\.m2\repository\org\seleniumhq\selenium\selenium-chrome-driver\4.8.1\selenium-chrome-driver-4.8.1.jar;C:\Users\kk\.m2\repository\com\google\auto\service\auto-service-annotations\1.0.1\auto-service-annotations-1.0.1.jar;C:\Users\kk\.m2\repository\com\google\auto\service\auto-service\1.0.1\auto-service-1.0.1.jar;C:\Users\kk\.m2\repository\com\google\auto\auto-common\1.2\auto-common-1.2.jar;C:\Users\kk\.m2\repository\com\google\guava\guava\31.1-jre\guava-31.1-jre.jar;C:\Users\kk\.m2\repository\com\google\guava\failureaccess\1.0.1\failureaccess-1.0.1.jar;C:\Users\kk\.m2\repository\com\google\guava\listenablefuture\9999.0-empty-to-avoid-conflict-with-guava\listenablefuture-9999.0-empty-to-avoid-conflict-with-guava.jar;C:\Users\kk\.m2\repository\com\google\code\findbugs\jsr305\3.0.2\jsr305-3.0.2.jar;C:\Users\kk\.m2\repository\org\checkerframework\checker-qual\3.12.0\checker-qual-3.12.0.jar;C:\Users\kk\.m2\repository\com\google\errorprone\error_prone_annotations\2.11.0\error_prone_annotations-2.11.0.jar;C:\Users\kk\.m2\repository\com\google\j2objc\j2objc-annotations\1.3\j2objc-annotations-1.3.jar;C:\Users\kk\.m2\repository\org\seleniumhq\selenium\selenium-chromium-driver\4.8.1\selenium-chromium-driver-4.8.1.jar;C:\Users\kk\.m2\repository\org\seleniumhq\selenium\selenium-json\4.8.1\selenium-json-4.8.1.jar;C:\Users\kk\.m2\repository\org\seleniumhq\selenium\selenium-devtools-v108\4.8.1\selenium-devtools-v108-4.8.1.jar;C:\Users\kk\.m2\repository\org\seleniumhq\selenium\selenium-devtools-v109\4.8.1\selenium-devtools-v109-4.8.1.jar;C:\Users\kk\.m2\repository\org\seleniumhq\selenium\selenium-devtools-v110\4.8.1\selenium-devtools-v110-4.8.1.jar;C:\Users\kk\.m2\repository\org\seleniumhq\selenium\selenium-devtools-v85\4.8.1\selenium-devtools-v85-4.8.1.jar;C:\Users\kk\.m2\repository\org\seleniumhq\selenium\selenium-edge-driver\4.8.1\selenium-edge-driver-4.8.1.jar;C:\Users\kk\.m2\repository\org\seleniumhq\selenium\selenium-firefox-driver\4.8.1\selenium-firefox-driver-4.8.1.jar;C:\Users\kk\.m2\repository\org\seleniumhq\selenium\selenium-http\4.8.1\selenium-http-4.8.1.jar;C:\Users\kk\.m2\repository\dev\failsafe\failsafe\3.3.0\failsafe-3.3.0.jar;C:\Users\kk\.m2\repository\org\seleniumhq\selenium\selenium-ie-driver\4.8.1\selenium-ie-driver-4.8.1.jar;C:\Users\kk\.m2\repository\org\seleniumhq\selenium\selenium-remote-driver\4.8.1\selenium-remote-driver-4.8.1.jar;C:\Users\kk\.m2\repository\io\netty\netty-buffer\4.1.87.Final\netty-buffer-4.1.87.Final.jar;C:\Users\kk\.m2\repository\io\netty\netty-codec-http\4.1.87.Final\netty-codec-http-4.1.87.Final.jar;C:\Users\kk\.m2\repository\io\netty\netty-codec\4.1.87.Final\netty-codec-4.1.87.Final.jar;C:\Users\kk\.m2\repository\io\netty\netty-handler\4.1.87.Final\netty-handler-4.1.87.Final.jar;C:\Users\kk\.m2\repository\io\netty\netty-common\4.1.87.Final\netty-common-4.1.87.Final.jar;C:\Users\kk\.m2\repository\io\netty\netty-transport-classes-epoll\4.1.87.Final\netty-transport-classes-epoll-4.1.87.Final.jar;C:\Users\kk\.m2\repository\io\netty\netty-transport-classes-kqueue\4.1.87.Final\netty-transport-classes-kqueue-4.1.87.Final.jar;C:\Users\kk\.m2\repository\io\netty\netty-transport-native-epoll\4.1.87.Final\netty-transport-native-epoll-4.1.87.Final.jar;C:\Users\kk\.m2\repository\io\netty\netty-transport-native-kqueue\4.1.87.Final\netty-transport-native-kqueue-4.1.87.Final.jar;C:\Users\kk\.m2\repository\io\netty\netty-transport-native-unix-common\4.1.87.Final\netty-transport-native-unix-common-4.1.87.Final.jar;C:\Users\kk\.m2\repository\io\netty\netty-transport\4.1.87.Final\netty-transport-4.1.87.Final.jar;C:\Users\kk\.m2\repository\io\netty\netty-resolver\4.1.87.Final\netty-resolver-4.1.87.Final.jar;C:\Users\kk\.m2\repository\io\opentelemetry\opentelemetry-api\1.22.0\opentelemetry-api-1.22.0.jar;C:\Users\kk\.m2\repository\io\opentelemetry\opentelemetry-context\1.22.0\opentelemetry-context-1.22.0.jar;C:\Users\kk\.m2\repository\io\opentelemetry\opentelemetry-exporter-logging\1.22.0\opentelemetry-exporter-logging-1.22.0.jar;C:\Users\kk\.m2\repository\io\opentelemetry\opentelemetry-sdk-metrics\1.22.0\opentelemetry-sdk-metrics-1.22.0.jar;C:\Users\kk\.m2\repository\io\opentelemetry\opentelemetry-sdk-logs\1.22.0-alpha\opentelemetry-sdk-logs-1.22.0-alpha.jar;C:\Users\kk\.m2\repository\io\opentelemetry\opentelemetry-api-logs\1.22.0-alpha\opentelemetry-api-logs-1.22.0-alpha.jar;C:\Users\kk\.m2\repository\io\opentelemetry\opentelemetry-sdk-common\1.22.0\opentelemetry-sdk-common-1.22.0.jar;C:\Users\kk\.m2\repository\io\opentelemetry\opentelemetry-sdk-extension-autoconfigure-spi\1.22.0\opentelemetry-sdk-extension-autoconfigure-spi-1.22.0.jar;C:\Users\kk\.m2\repository\io\opentelemetry\opentelemetry-sdk-extension-autoconfigure\1.22.0-alpha\opentelemetry-sdk-extension-autoconfigure-1.22.0-alpha.jar;C:\Users\kk\.m2\repository\io\opentelemetry\opentelemetry-sdk-trace\1.22.0\opentelemetry-sdk-trace-1.22.0.jar;C:\Users\kk\.m2\repository\io\opentelemetry\opentelemetry-sdk\1.22.0\opentelemetry-sdk-1.22.0.jar;C:\Users\kk\.m2\repository\io\opentelemetry\opentelemetry-semconv\1.22.0-alpha\opentelemetry-semconv-1.22.0-alpha.jar;C:\Users\kk\.m2\repository\io\ous\jtoml\2.0.0\jtoml-2.0.0.jar;C:\Users\kk\.m2\repository\net\bytebuddy\byte-buddy\1.12.22\byte-buddy-1.12.22.jar;C:\Users\kk\.m2\repository\org\apache\commons\commons-exec\1.3\commons-exec-1.3.jar;C:\Users\kk\.m2\repository\org\asynchttpclient\async-http-client\2.12.3\async-http-client-2.12.3.jar;C:\Users\kk\.m2\repository\org\asynchttpclient\async-http-client-netty-utils\2.12.3\async-http-client-netty-utils-2.12.3.jar;C:\Users\kk\.m2\repository\io\netty\netty-codec-socks\4.1.60.Final\netty-codec-socks-4.1.60.Final.jar;C:\Users\kk\.m2\repository\io\netty\netty-handler-proxy\4.1.60.Final\netty-handler-proxy-4.1.60.Final.jar;C:\Users\kk\.m2\repository\io\netty\netty-transport-native-epoll\4.1.60.Final\netty-transport-native-epoll-4.1.60.Final-linux-x86_64.jar;C:\Users\kk\.m2\repository\io\netty\netty-transport-native-kqueue\4.1.60.Final\netty-transport-native-kqueue-4.1.60.Final-osx-x86_64.jar;C:\Users\kk\.m2\repository\org\reactivestreams\reactive-streams\1.0.3\reactive-streams-1.0.3.jar;C:\Users\kk\.m2\repository\com\typesafe\netty\netty-reactive-streams\2.0.4\netty-reactive-streams-2.0.4.jar;C:\Users\kk\.m2\repository\com\sun\activation\jakarta.activation\1.2.2\jakarta.activation-1.2.2.jar;C:\Users\kk\.m2\repository\org\seleniumhq\selenium\selenium-manager\4.8.1\selenium-manager-4.8.1.jar;C:\Users\kk\.m2\repository\org\seleniumhq\selenium\selenium-safari-driver\4.8.1\selenium-safari-driver-4.8.1.jar;C:\Users\kk\.m2\repository\org\seleniumhq\selenium\selenium-support\4.8.1\selenium-support-4.8.1.jar;C:\Users\kk\.m2\repository\org\testng\testng\7.4.0\testng-7.4.0.jar;C:\Users\kk\.m2\repository\com\beust\jcommander\1.78\jcommander-1.78.jar;C:\Users\kk\.m2\repository\org\webjars\jquery\3.5.1\jquery-3.5.1.jar;C:\Users\kk\.m2\repository\ru\yandex\qatools\ashot\ashot\1.5.4\ashot-1.5.4.jar;C:\Users\kk\.m2\repository\commons-io\commons-io\2.5\commons-io-2.5.jar;C:\Users\kk\.m2\repository\com\google\code\gson\gson\2.6.2\gson-2.6.2.jar;C:\Users\kk\.m2\repository\org\hamcrest\hamcrest-core\1.3\hamcrest-core-1.3.jar;C:\Users\kk\.m2\repository\io\github\bonigarcia\webdrivermanager\5.3.2\webdrivermanager-5.3.2.jar;C:\Users\kk\.m2\repository\org\slf4j\slf4j-api\2.0.6\slf4j-api-2.0.6.jar;C:\Users\kk\.m2\repository\com\github\docker-java\docker-java\3.2.14\docker-java-3.2.14.jar;C:\Users\kk\.m2\repository\com\github\docker-java\docker-java-core\3.2.14\docker-java-core-3.2.14.jar;C:\Users\kk\.m2\repository\com\github\docker-java\docker-java-api\3.2.14\docker-java-api-3.2.14.jar;C:\Users\kk\.m2\repository\com\fasterxml\jackson\core\jackson-annotations\2.10.3\jackson-annotations-2.10.3.jar;C:\Users\kk\.m2\repository\com\fasterxml\jackson\core\jackson-databind\2.10.3\jackson-databind-2.10.3.jar;C:\Users\kk\.m2\repository\com\fasterxml\jackson\core\jackson-core\2.10.3\jackson-core-2.10.3.jar;C:\Users\kk\.m2\repository\org\bouncycastle\bcpkix-jdk15on\1.64\bcpkix-jdk15on-1.64.jar;C:\Users\kk\.m2\repository\org\bouncycastle\bcprov-jdk15on\1.64\bcprov-jdk15on-1.64.jar;C:\Users\kk\.m2\repository\org\slf4j\jcl-over-slf4j\1.7.30\jcl-over-slf4j-1.7.30.jar;C:\Users\kk\.m2\repository\com\github\docker-java\docker-java-transport-httpclient5\3.2.14\docker-java-transport-httpclient5-3.2.14.jar;C:\Users\kk\.m2\repository\com\github\docker-java\docker-java-transport\3.2.14\docker-java-transport-3.2.14.jar;C:\Users\kk\.m2\repository\net\java\dev\jna\jna\5.12.1\jna-5.12.1.jar;C:\Users\kk\.m2\repository\org\brotli\dec\0.1.2\dec-0.1.2.jar;C:\Users\kk\.m2\repository\org\apache\commons\commons-lang3\3.12.0\commons-lang3-3.12.0.jar;C:\Users\kk\.m2\repository\org\apache\httpcomponents\client5\httpclient5\5.2.1\httpclient5-5.2.1.jar;C:\Users\kk\.m2\repository\org\apache\httpcomponents\core5\httpcore5\5.2\httpcore5-5.2.jar;C:\Users\kk\.m2\repository\org\apache\httpcomponents\core5\httpcore5-h2\5.2\httpcore5-h2-5.2.jar;C:\Users\kk\.m2\repository\org\apache\poi\poi\4.1.2\poi-4.1.2.jar;C:\Users\kk\.m2\repository\commons-codec\commons-codec\1.13\commons-codec-1.13.jar;C:\Users\kk\.m2\repository\org\apache\commons\commons-collections4\4.4\commons-collections4-4.4.jar;C:\Users\kk\.m2\repository\org\apache\commons\commons-math3\3.6.1\commons-math3-3.6.1.jar;C:\Users\kk\.m2\repository\com\zaxxer\SparseBitSet\1.2\SparseBitSet-1.2.jar;C:\Users\kk\.m2\repository\org\apache\poi\poi-ooxml\4.1.2\poi-ooxml-4.1.2.jar;C:\Users\kk\.m2\repository\org\apache\poi\poi-ooxml-schemas\4.1.2\poi-ooxml-schemas-4.1.2.jar;C:\Users\kk\.m2\repository\org\apache\xmlbeans\xmlbeans\3.1.0\xmlbeans-3.1.0.jar;C:\Users\kk\.m2\repository\org\apache\commons\commons-compress\1.19\commons-compress-1.19.jar;C:\Users\kk\.m2\repository\com\github\virtuald\curvesapi\1.06\curvesapi-1.06.jar;C:\Users\kk\.m2\repository\log4j\log4j\1.2.17\log4j-1.2.17.jar;C:\Users\kk\.m2\repository\io\qameta\allure\allure-cucumber-jvm\2.8.1\allure-cucumber-jvm-2.8.1.jar;C:\Users\kk\.m2\repository\info\cukes\cucumber-core\1.2.5\cucumber-core-1.2.5.jar;C:\Users\kk\.m2\repository\info\cukes\cucumber-html\0.2.3\cucumber-html-0.2.3.jar;C:\Users\kk\.m2\repository\info\cukes\cucumber-jvm-deps\1.0.5\cucumber-jvm-deps-1.0.5.jar;C:\Users\kk\.m2\repository\info\cukes\cucumber-java\1.2.5\cucumber-java-1.2.5.jar;C:\Users\kk\.m2\repository\info\cukes\cucumber-junit\1.2.5\cucumber-junit-1.2.5.jar;C:\Users\kk\.m2\repository\junit\junit\4.12\junit-4.12.jar;C:\Users\kk\.m2\repository\info\cukes\gherkin\2.12.2\gherkin-2.12.2.jar;C:\Users\kk\.m2\repository\io\qameta\allure\allure-java-commons\2.8.1\allure-java-commons-2.8.1.jar;C:\Users\kk\.m2\repository\io\qameta\allure\allure-model\2.8.1\allure-model-2.8.1.jar;C:\Users\kk\.m2\repository\org\apache\tika\tika-core\1.19.1\tika-core-1.19.1.jar;C:\Users\kk\.m2\repository\org\aspectj\aspectjrt\1.9.1\aspectjrt-1.9.1.jar;C:\Users\kk\.m2\repository\org\jooq\joor-java-8\0.9.9\joor-java-8-0.9.9.jar;"/>
    <property name="java.vm.vendor" value="Eclipse Adoptium"/>
    <property name="sun.arch.data.model" value="64"/>
    <property name="user.variant" value=""/>
    <property name="java.vendor.url" value="https://adoptium.net/"/>
    <property name="user.timezone" value="Asia/Calcutta"/>
    <property name="os.name" value="Windows 10"/>
    <property name="java.vm.specification.version" value="17"/>
    <property name="sun.java.launcher" value="SUN_STANDARD"/>
    <property name="user.country" value="US"/>
    <property name="sun.boot.library.path" value="C:\Users\kk\.p2\pool\plugins\org.eclipse.justj.openjdk.hotspot.jre.full.win32.x86_64_17.0.4.v20220805-1047\jre\bin"/>
    <property name="sun.java.command" value="C:\Users\kk\AppData\Local\Temp\surefire17796586817826890021\surefirebooter-20240925131825082_3.jar C:\Users\kk\AppData\Local\Temp\surefire17796586817826890021 2024-09-25T13-18-24_189-jvmRun1 surefire-20240925131825082_1tmp surefire_0-20240925131825082_2tmp"/>
    <property name="jdk.debug" value="release"/>
    <property name="surefire.test.class.path" value="C:\Users\kk\eclipse-workspace\TestCreation\ModuleLogic\target\test-classes;C:\Users\kk\eclipse-workspace\TestCreation\ModuleLogic\target\classes;C:\Users\kk\.m2\repository\org\seleniumhq\selenium\selenium-java\4.8.1\selenium-java-4.8.1.jar;C:\Users\kk\.m2\repository\org\seleniumhq\selenium\selenium-api\4.8.1\selenium-api-4.8.1.jar;C:\Users\kk\.m2\repository\org\seleniumhq\selenium\selenium-chrome-driver\4.8.1\selenium-chrome-driver-4.8.1.jar;C:\Users\kk\.m2\repository\com\google\auto\service\auto-service-annotations\1.0.1\auto-service-annotations-1.0.1.jar;C:\Users\kk\.m2\repository\com\google\auto\service\auto-service\1.0.1\auto-service-1.0.1.jar;C:\Users\kk\.m2\repository\com\google\auto\auto-common\1.2\auto-common-1.2.jar;C:\Users\kk\.m2\repository\com\google\guava\guava\31.1-jre\guava-31.1-jre.jar;C:\Users\kk\.m2\repository\com\google\guava\failureaccess\1.0.1\failureaccess-1.0.1.jar;C:\Users\kk\.m2\repository\com\google\guava\listenablefuture\9999.0-empty-to-avoid-conflict-with-guava\listenablefuture-9999.0-empty-to-avoid-conflict-with-guava.jar;C:\Users\kk\.m2\repository\com\google\code\findbugs\jsr305\3.0.2\jsr305-3.0.2.jar;C:\Users\kk\.m2\repository\org\checkerframework\checker-qual\3.12.0\checker-qual-3.12.0.jar;C:\Users\kk\.m2\repository\com\google\errorprone\error_prone_annotations\2.11.0\error_prone_annotations-2.11.0.jar;C:\Users\kk\.m2\repository\com\google\j2objc\j2objc-annotations\1.3\j2objc-annotations-1.3.jar;C:\Users\kk\.m2\repository\org\seleniumhq\selenium\selenium-chromium-driver\4.8.1\selenium-chromium-driver-4.8.1.jar;C:\Users\kk\.m2\repository\org\seleniumhq\selenium\selenium-json\4.8.1\selenium-json-4.8.1.jar;C:\Users\kk\.m2\repository\org\seleniumhq\selenium\selenium-devtools-v108\4.8.1\selenium-devtools-v108-4.8.1.jar;C:\Users\kk\.m2\repository\org\seleniumhq\selenium\selenium-devtools-v109\4.8.1\selenium-devtools-v109-4.8.1.jar;C:\Users\kk\.m2\repository\org\seleniumhq\selenium\selenium-devtools-v110\4.8.1\selenium-devtools-v110-4.8.1.jar;C:\Users\kk\.m2\repository\org\seleniumhq\selenium\selenium-devtools-v85\4.8.1\selenium-devtools-v85-4.8.1.jar;C:\Users\kk\.m2\repository\org\seleniumhq\selenium\selenium-edge-driver\4.8.1\selenium-edge-driver-4.8.1.jar;C:\Users\kk\.m2\repository\org\seleniumhq\selenium\selenium-firefox-driver\4.8.1\selenium-firefox-driver-4.8.1.jar;C:\Users\kk\.m2\repository\org\seleniumhq\selenium\selenium-http\4.8.1\selenium-http-4.8.1.jar;C:\Users\kk\.m2\repository\dev\failsafe\failsafe\3.3.0\failsafe-3.3.0.jar;C:\Users\kk\.m2\repository\org\seleniumhq\selenium\selenium-ie-driver\4.8.1\selenium-ie-driver-4.8.1.jar;C:\Users\kk\.m2\repository\org\seleniumhq\selenium\selenium-remote-driver\4.8.1\selenium-remote-driver-4.8.1.jar;C:\Users\kk\.m2\repository\io\netty\netty-buffer\4.1.87.Final\netty-buffer-4.1.87.Final.jar;C:\Users\kk\.m2\repository\io\netty\netty-codec-http\4.1.87.Final\netty-codec-http-4.1.87.Final.jar;C:\Users\kk\.m2\repository\io\netty\netty-codec\4.1.87.Final\netty-codec-4.1.87.Final.jar;C:\Users\kk\.m2\repository\io\netty\netty-handler\4.1.87.Final\netty-handler-4.1.87.Final.jar;C:\Users\kk\.m2\repository\io\netty\netty-common\4.1.87.Final\netty-common-4.1.87.Final.jar;C:\Users\kk\.m2\repository\io\netty\netty-transport-classes-epoll\4.1.87.Final\netty-transport-classes-epoll-4.1.87.Final.jar;C:\Users\kk\.m2\repository\io\netty\netty-transport-classes-kqueue\4.1.87.Final\netty-transport-classes-kqueue-4.1.87.Final.jar;C:\Users\kk\.m2\repository\io\netty\netty-transport-native-epoll\4.1.87.Final\netty-transport-native-epoll-4.1.87.Final.jar;C:\Users\kk\.m2\repository\io\netty\netty-transport-native-kqueue\4.1.87.Final\netty-transport-native-kqueue-4.1.87.Final.jar;C:\Users\kk\.m2\repository\io\netty\netty-transport-native-unix-common\4.1.87.Final\netty-transport-native-unix-common-4.1.87.Final.jar;C:\Users\kk\.m2\repository\io\netty\netty-transport\4.1.87.Final\netty-transport-4.1.87.Final.jar;C:\Users\kk\.m2\repository\io\netty\netty-resolver\4.1.87.Final\netty-resolver-4.1.87.Final.jar;C:\Users\kk\.m2\repository\io\opentelemetry\opentelemetry-api\1.22.0\opentelemetry-api-1.22.0.jar;C:\Users\kk\.m2\repository\io\opentelemetry\opentelemetry-context\1.22.0\opentelemetry-context-1.22.0.jar;C:\Users\kk\.m2\repository\io\opentelemetry\opentelemetry-exporter-logging\1.22.0\opentelemetry-exporter-logging-1.22.0.jar;C:\Users\kk\.m2\repository\io\opentelemetry\opentelemetry-sdk-metrics\1.22.0\opentelemetry-sdk-metrics-1.22.0.jar;C:\Users\kk\.m2\repository\io\opentelemetry\opentelemetry-sdk-logs\1.22.0-alpha\opentelemetry-sdk-logs-1.22.0-alpha.jar;C:\Users\kk\.m2\repository\io\opentelemetry\opentelemetry-api-logs\1.22.0-alpha\opentelemetry-api-logs-1.22.0-alpha.jar;C:\Users\kk\.m2\repository\io\opentelemetry\opentelemetry-sdk-common\1.22.0\opentelemetry-sdk-common-1.22.0.jar;C:\Users\kk\.m2\repository\io\opentelemetry\opentelemetry-sdk-extension-autoconfigure-spi\1.22.0\opentelemetry-sdk-extension-autoconfigure-spi-1.22.0.jar;C:\Users\kk\.m2\repository\io\opentelemetry\opentelemetry-sdk-extension-autoconfigure\1.22.0-alpha\opentelemetry-sdk-extension-autoconfigure-1.22.0-alpha.jar;C:\Users\kk\.m2\repository\io\opentelemetry\opentelemetry-sdk-trace\1.22.0\opentelemetry-sdk-trace-1.22.0.jar;C:\Users\kk\.m2\repository\io\opentelemetry\opentelemetry-sdk\1.22.0\opentelemetry-sdk-1.22.0.jar;C:\Users\kk\.m2\repository\io\opentelemetry\opentelemetry-semconv\1.22.0-alpha\opentelemetry-semconv-1.22.0-alpha.jar;C:\Users\kk\.m2\repository\io\ous\jtoml\2.0.0\jtoml-2.0.0.jar;C:\Users\kk\.m2\repository\net\bytebuddy\byte-buddy\1.12.22\byte-buddy-1.12.22.jar;C:\Users\kk\.m2\repository\org\apache\commons\commons-exec\1.3\commons-exec-1.3.jar;C:\Users\kk\.m2\repository\org\asynchttpclient\async-http-client\2.12.3\async-http-client-2.12.3.jar;C:\Users\kk\.m2\repository\org\asynchttpclient\async-http-client-netty-utils\2.12.3\async-http-client-netty-utils-2.12.3.jar;C:\Users\kk\.m2\repository\io\netty\netty-codec-socks\4.1.60.Final\netty-codec-socks-4.1.60.Final.jar;C:\Users\kk\.m2\repository\io\netty\netty-handler-proxy\4.1.60.Final\netty-handler-proxy-4.1.60.Final.jar;C:\Users\kk\.m2\repository\io\netty\netty-transport-native-epoll\4.1.60.Final\netty-transport-native-epoll-4.1.60.Final-linux-x86_64.jar;C:\Users\kk\.m2\repository\io\netty\netty-transport-native-kqueue\4.1.60.Final\netty-transport-native-kqueue-4.1.60.Final-osx-x86_64.jar;C:\Users\kk\.m2\repository\org\reactivestreams\reactive-streams\1.0.3\reactive-streams-1.0.3.jar;C:\Users\kk\.m2\repository\com\typesafe\netty\netty-reactive-streams\2.0.4\netty-reactive-streams-2.0.4.jar;C:\Users\kk\.m2\repository\com\sun\activation\jakarta.activation\1.2.2\jakarta.activation-1.2.2.jar;C:\Users\kk\.m2\repository\org\seleniumhq\selenium\selenium-manager\4.8.1\selenium-manager-4.8.1.jar;C:\Users\kk\.m2\repository\org\seleniumhq\selenium\selenium-safari-driver\4.8.1\selenium-safari-driver-4.8.1.jar;C:\Users\kk\.m2\repository\org\seleniumhq\selenium\selenium-support\4.8.1\selenium-support-4.8.1.jar;C:\Users\kk\.m2\repository\org\testng\testng\7.4.0\testng-7.4.0.jar;C:\Users\kk\.m2\repository\com\beust\jcommander\1.78\jcommander-1.78.jar;C:\Users\kk\.m2\repository\org\webjars\jquery\3.5.1\jquery-3.5.1.jar;C:\Users\kk\.m2\repository\ru\yandex\qatools\ashot\ashot\1.5.4\ashot-1.5.4.jar;C:\Users\kk\.m2\repository\commons-io\commons-io\2.5\commons-io-2.5.jar;C:\Users\kk\.m2\repository\com\google\code\gson\gson\2.6.2\gson-2.6.2.jar;C:\Users\kk\.m2\repository\org\hamcrest\hamcrest-core\1.3\hamcrest-core-1.3.jar;C:\Users\kk\.m2\repository\io\github\bonigarcia\webdrivermanager\5.3.2\webdrivermanager-5.3.2.jar;C:\Users\kk\.m2\repository\org\slf4j\slf4j-api\2.0.6\slf4j-api-2.0.6.jar;C:\Users\kk\.m2\repository\com\github\docker-java\docker-java\3.2.14\docker-java-3.2.14.jar;C:\Users\kk\.m2\repository\com\github\docker-java\docker-java-core\3.2.14\docker-java-core-3.2.14.jar;C:\Users\kk\.m2\repository\com\github\docker-java\docker-java-api\3.2.14\docker-java-api-3.2.14.jar;C:\Users\kk\.m2\repository\com\fasterxml\jackson\core\jackson-annotations\2.10.3\jackson-annotations-2.10.3.jar;C:\Users\kk\.m2\repository\com\fasterxml\jackson\core\jackson-databind\2.10.3\jackson-databind-2.10.3.jar;C:\Users\kk\.m2\repository\com\fasterxml\jackson\core\jackson-core\2.10.3\jackson-core-2.10.3.jar;C:\Users\kk\.m2\repository\org\bouncycastle\bcpkix-jdk15on\1.64\bcpkix-jdk15on-1.64.jar;C:\Users\kk\.m2\repository\org\bouncycastle\bcprov-jdk15on\1.64\bcprov-jdk15on-1.64.jar;C:\Users\kk\.m2\repository\org\slf4j\jcl-over-slf4j\1.7.30\jcl-over-slf4j-1.7.30.jar;C:\Users\kk\.m2\repository\com\github\docker-java\docker-java-transport-httpclient5\3.2.14\docker-java-transport-httpclient5-3.2.14.jar;C:\Users\kk\.m2\repository\com\github\docker-java\docker-java-transport\3.2.14\docker-java-transport-3.2.14.jar;C:\Users\kk\.m2\repository\net\java\dev\jna\jna\5.12.1\jna-5.12.1.jar;C:\Users\kk\.m2\repository\org\brotli\dec\0.1.2\dec-0.1.2.jar;C:\Users\kk\.m2\repository\org\apache\commons\commons-lang3\3.12.0\commons-lang3-3.12.0.jar;C:\Users\kk\.m2\repository\org\apache\httpcomponents\client5\httpclient5\5.2.1\httpclient5-5.2.1.jar;C:\Users\kk\.m2\repository\org\apache\httpcomponents\core5\httpcore5\5.2\httpcore5-5.2.jar;C:\Users\kk\.m2\repository\org\apache\httpcomponents\core5\httpcore5-h2\5.2\httpcore5-h2-5.2.jar;C:\Users\kk\.m2\repository\org\apache\poi\poi\4.1.2\poi-4.1.2.jar;C:\Users\kk\.m2\repository\commons-codec\commons-codec\1.13\commons-codec-1.13.jar;C:\Users\kk\.m2\repository\org\apache\commons\commons-collections4\4.4\commons-collections4-4.4.jar;C:\Users\kk\.m2\repository\org\apache\commons\commons-math3\3.6.1\commons-math3-3.6.1.jar;C:\Users\kk\.m2\repository\com\zaxxer\SparseBitSet\1.2\SparseBitSet-1.2.jar;C:\Users\kk\.m2\repository\org\apache\poi\poi-ooxml\4.1.2\poi-ooxml-4.1.2.jar;C:\Users\kk\.m2\repository\org\apache\poi\poi-ooxml-schemas\4.1.2\poi-ooxml-schemas-4.1.2.jar;C:\Users\kk\.m2\repository\org\apache\xmlbeans\xmlbeans\3.1.0\xmlbeans-3.1.0.jar;C:\Users\kk\.m2\repository\org\apache\commons\commons-compress\1.19\commons-compress-1.19.jar;C:\Users\kk\.m2\repository\com\github\virtuald\curvesapi\1.06\curvesapi-1.06.jar;C:\Users\kk\.m2\repository\log4j\log4j\1.2.17\log4j-1.2.17.jar;C:\Users\kk\.m2\repository\io\qameta\allure\allure-cucumber-jvm\2.8.1\allure-cucumber-jvm-2.8.1.jar;C:\Users\kk\.m2\repository\info\cukes\cucumber-core\1.2.5\cucumber-core-1.2.5.jar;C:\Users\kk\.m2\repository\info\cukes\cucumber-html\0.2.3\cucumber-html-0.2.3.jar;C:\Users\kk\.m2\repository\info\cukes\cucumber-jvm-deps\1.0.5\cucumber-jvm-deps-1.0.5.jar;C:\Users\kk\.m2\repository\info\cukes\cucumber-java\1.2.5\cucumber-java-1.2.5.jar;C:\Users\kk\.m2\repository\info\cukes\cucumber-junit\1.2.5\cucumber-junit-1.2.5.jar;C:\Users\kk\.m2\repository\junit\junit\4.12\junit-4.12.jar;C:\Users\kk\.m2\repository\info\cukes\gherkin\2.12.2\gherkin-2.12.2.jar;C:\Users\kk\.m2\repository\io\qameta\allure\allure-java-commons\2.8.1\allure-java-commons-2.8.1.jar;C:\Users\kk\.m2\repository\io\qameta\allure\allure-model\2.8.1\allure-model-2.8.1.jar;C:\Users\kk\.m2\repository\org\apache\tika\tika-core\1.19.1\tika-core-1.19.1.jar;C:\Users\kk\.m2\repository\org\aspectj\aspectjrt\1.9.1\aspectjrt-1.9.1.jar;C:\Users\kk\.m2\repository\org\jooq\joor-java-8\0.9.9\joor-java-8-0.9.9.jar;"/>
    <property name="sun.cpu.endian" value="little"/>
    <property name="user.home" value="C:\Users\kk"/>
    <property name="user.language" value="en"/>
    <property name="java.specification.vendor" value="Oracle Corporation"/>
    <property name="java.version.date" value="2022-07-19"/>
    <property name="java.home" value="C:\Users\kk\.p2\pool\plugins\org.eclipse.justj.openjdk.hotspot.jre.full.win32.x86_64_17.0.4.v20220805-1047\jre"/>
    <property name="file.separator" value="\"/>
    <property name="basedir" value="C:\Users\kk\eclipse-workspace\TestCreation\ModuleLogic"/>
    <property name="java.vm.compressedOopsMode" value="32-bit"/>
    <property name="line.separator" value="&#10;"/>
    <property name="java.vm.specification.vendor" value="Oracle Corporation"/>
    <property name="java.specification.name" value="Java Platform API Specification"/>
    <property name="surefire.real.class.path" value="C:\Users\kk\AppData\Local\Temp\surefire17796586817826890021\surefirebooter-20240925131825082_3.jar"/>
    <property name="user.script" value=""/>
    <property name="sun.management.compiler" value="HotSpot 64-Bit Tiered Compilers"/>
    <property name="java.runtime.version" value="17.0.4+8"/>
    <property name="user.name" value="kk"/>
    <property name="path.separator" value=";"/>
    <property name="os.version" value="10.0"/>
    <property name="java.runtime.name" value="OpenJDK Runtime Environment"/>
    <property name="file.encoding" value="Cp1252"/>
    <property name="java.vm.name" value="OpenJDK 64-Bit Server VM"/>
    <property name="java.vendor.version" value="Temurin-17.0.4+8"/>
    <property name="localRepository" value="C:\Users\kk\.m2\repository"/>
    <property name="java.vendor.url.bug" value="https://github.com/adoptium/adoptium-support/issues"/>
    <property name="java.io.tmpdir" value="C:\Users\kk\AppData\Local\Temp\"/>
    <property name="java.version" value="17.0.4"/>
    <property name="user.dir" value="C:\Users\kk\eclipse-workspace\TestCreation\ModuleLogic"/>
    <property name="os.arch" value="amd64"/>
    <property name="java.vm.specification.name" value="Java Virtual Machine Specification"/>
    <property name="sun.os.patch.level" value=""/>
    <property name="native.encoding" value="Cp1252"/>
    <property name="java.library.path" value="C:\Users\kk\.p2\pool\plugins\org.eclipse.justj.openjdk.hotspot.jre.full.win32.x86_64_17.0.4.v20220805-1047\jre\bin;C:\WINDOWS\Sun\Java\bin;C:\WINDOWS\system32;C:\WINDOWS;C:/Users/kk/.p2/pool/plugins/org.eclipse.justj.openjdk.hotspot.jre.full.win32.x86_64_17.0.4.v20220805-1047/jre/bin/server;C:/Users/kk/.p2/pool/plugins/org.eclipse.justj.openjdk.hotspot.jre.full.win32.x86_64_17.0.4.v20220805-1047/jre/bin;C:\Program Files\Java\jdk1.8.0_202\bin;C:\Program Files\apache-maven-3.8.6\bin;C:\WINDOWS\system32;C:\WINDOWS;C:\WINDOWS\System32\Wbem;C:\WINDOWS\System32\WindowsPowerShell\v1.0\;C:\WINDOWS\System32\OpenSSH\;C:\Users\kk\Downloads\allure-2.30.0\allure-2.30.0\bin;C:\Program Files\Java\jdk-11.0.4\bin;C:\Users\kk\AppData\Local\Microsoft\WindowsApps;;C:\Users\kk\Desktop;;."/>
    <property name="java.vm.info" value="mixed mode"/>
    <property name="java.vendor" value="Eclipse Adoptium"/>
    <property name="java.vm.version" value="17.0.4+8"/>
    <property name="sun.io.unicode.encoding" value="UnicodeLittle"/>
    <property name="java.class.version" value="61.0"/>
  </properties>
  <testcase name="m1" classname="com.build.TestModule" time="20.89">
    <system-err><![CDATA[SLF4J: No SLF4J providers were found.
SLF4J: Defaulting to no-operation (NOP) logger implementation
SLF4J: See https://www.slf4j.org/codes.html#noProviders for further details.
log4j:WARN No appenders could be found for logger (io.netty.util.internal.logging.InternalLoggerFactory).
log4j:WARN Please initialize the log4j system properly.
log4j:WARN See http://logging.apache.org/log4j/1.2/faq.html#noconfig for more info.
Starting ChromeDriver 128.0.6613.119 (6e439cfca4deda5954b0c74cde9b521c03cb31ad-refs/branch-heads/6613@{#1464}) on port 18683
Only local connections are allowed.
Please see https://chromedriver.chromium.org/security-considerations for suggestions on keeping ChromeDriver safe.
ChromeDriver was started successfully on port 18683.
[1727250512.125][WARNING]: This version of ChromeDriver has not been tested with Chrome version 129.
Sep 25, 2024 1:18:35 PM org.openqa.selenium.devtools.CdpVersionFinder findNearestMatch
WARNING: Unable to find CDP implementation matching 129
Sep 25, 2024 1:18:36 PM org.openqa.selenium.chromium.ChromiumDriver lambda$new$3
WARNING: Unable to find version of CDP to use for . You may need to include a dependency on a specific version of the CDP using something similar to `org.seleniumhq.selenium:selenium-devtools-v86:4.8.1` where the version ("v86") matches the version of the chromium-based browser you're using and the version number of the artifact is the same as Selenium's.
]]></system-err>
  </testcase>
  <testcase name="m2" classname="com.build.DemoModule" time="40.598">
    <system-out><![CDATA[Test case is passed
]]></system-out>
    <system-err><![CDATA[Starting ChromeDriver 128.0.6613.119 (6e439cfca4deda5954b0c74cde9b521c03cb31ad-refs/branch-heads/6613@{#1464}) on port 4454
Only local connections are allowed.
Please see https://chromedriver.chromium.org/security-considerations for suggestions on keeping ChromeDriver safe.
ChromeDriver was started successfully on port 4454.
[1727250534.226][WARNING]: This version of ChromeDriver has not been tested with Chrome version 129.
Sep 25, 2024 1:18:58 PM org.openqa.selenium.devtools.CdpVersionFinder findNearestMatch
WARNING: Unable to find CDP implementation matching 129
Sep 25, 2024 1:18:58 PM org.openqa.selenium.chromium.ChromiumDriver lambda$new$3
WARNING: Unable to find version of CDP to use for . You may need to include a dependency on a specific version of the CDP using something similar to `org.seleniumhq.selenium:selenium-devtools-v86:4.8.1` where the version ("v86") matches the version of the chromium-based browser you're using and the version number of the artifact is the same as Selenium's.
]]></system-err>
  </testcase>
  <testcase name="m3" classname="com.build.SampleModule" time="47.958">
    <system-out><![CDATA[Test case passed
]]></system-out>
    <system-err><![CDATA[Starting ChromeDriver 128.0.6613.119 (6e439cfca4deda5954b0c74cde9b521c03cb31ad-refs/branch-heads/6613@{#1464}) on port 5878
Only local connections are allowed.
Please see https://chromedriver.chromium.org/security-considerations for suggestions on keeping ChromeDriver safe.
ChromeDriver was started successfully on port 5878.
[1727250576.304][WARNING]: This version of ChromeDriver has not been tested with Chrome version 129.
Sep 25, 2024 1:19:38 PM org.openqa.selenium.devtools.CdpVersionFinder findNearestMatch
WARNING: Unable to find CDP implementation matching 129
Sep 25, 2024 1:19:38 PM org.openqa.selenium.chromium.ChromiumDriver lambda$new$3
WARNING: Unable to find version of CDP to use for . You may need to include a dependency on a specific version of the CDP using something similar to `org.seleniumhq.selenium:selenium-devtools-v86:4.8.1` where the version ("v86") matches the version of the chromium-based browser you're using and the version number of the artifact is the same as Selenium's.
]]></system-err>
  </testcase>
  <testcase name="m4" classname="com.build.SuperModule" time="60.157">
    <system-out><![CDATA[Test case 4 is passed successfully
]]></system-out>
    <system-err><![CDATA[Starting ChromeDriver 128.0.6613.119 (6e439cfca4deda5954b0c74cde9b521c03cb31ad-refs/branch-heads/6613@{#1464}) on port 15361
Only local connections are allowed.
Please see https://chromedriver.chromium.org/security-considerations for suggestions on keeping ChromeDriver safe.
ChromeDriver was started successfully on port 15361.
[1727250624.445][WARNING]: This version of ChromeDriver has not been tested with Chrome version 129.
Sep 25, 2024 1:20:27 PM org.openqa.selenium.devtools.CdpVersionFinder findNearestMatch
WARNING: Unable to find CDP implementation matching 129
Sep 25, 2024 1:20:27 PM org.openqa.selenium.chromium.ChromiumDriver lambda$new$3
WARNING: Unable to find version of CDP to use for . You may need to include a dependency on a specific version of the CDP using something similar to `org.seleniumhq.selenium:selenium-devtools-v86:4.8.1` where the version ("v86") matches the version of the chromium-based browser you're using and the version number of the artifact is the same as Selenium's.
]]></system-err>
  </testcase>
</testsuite>