<?xml version="1.0" encoding="UTF-8"?>
<!-- Generated by org.testng.reporters.JUnitReportReporter -->
<testsuite hostname="DESKTOP-OLGBC71" failures="0" tests="1" name="com.build.SampleModule" time="60.291" errors="0" timestamp="2024-09-24T08:04:16 IST" skipped="0">
  <testcase classname="com.build.SampleModule" name="m3" time="60.291"/>
  <system-out/>
</testsuite> <!-- com.build.SampleModule -->
