<?xml version="1.0" encoding="UTF-8"?>
<!-- Generated by org.testng.reporters.JUnitReportReporter -->
<testsuite hostname="DESKTOP-OLGBC71" failures="0" tests="1" name="com.build.TestModule" time="22.416" errors="0" timestamp="2024-09-24T08:04:16 IST" skipped="0">
  <testcase classname="com.build.TestModule" name="m1" time="22.416"/>
  <system-out/>
</testsuite> <!-- com.build.TestModule -->
