<?xml version="1.0" encoding="UTF-8"?>
<!-- Generated by org.testng.reporters.JUnitReportReporter -->
<testsuite hostname="DESKTOP-OLGBC71" failures="0" tests="1" name="com.build.DemoModule" time="30.744" errors="0" timestamp="2024-09-25T19:13:51 IST" skipped="0">
  <testcase classname="com.build.DemoModule" name="m2" time="30.744"/>
  <system-out/>
</testsuite> <!-- com.build.DemoModule -->
