<?xml version="1.0" encoding="UTF-8"?>
<!-- Generated by org.testng.reporters.JUnitReportReporter -->
<testsuite hostname="DESKTOP-OLGBC71" failures="0" tests="1" name="com.build.TestModule" time="20.746" errors="0" timestamp="2024-09-25T13:21:19 IST" skipped="0">
  <testcase classname="com.build.TestModule" name="m1" time="20.746"/>
  <system-out/>
</testsuite> <!-- com.build.TestModule -->
