<?xml version="1.0" encoding="UTF-8"?>
<!-- Generated by org.testng.reporters.JUnitReportReporter -->
<testsuite hostname="DESKTOP-OLGBC71" failures="0" tests="1" name="com.build.TestModule" time="31.003" errors="0" timestamp="2024-09-23T18:01:03 IST" skipped="0">
  <testcase classname="com.build.TestModule" name="m1" time="31.003"/>
  <system-out/>
</testsuite> <!-- com.build.TestModule -->
