<?xml version="1.0" encoding="UTF-8"?>
<!-- Generated by org.testng.reporters.JUnitReportReporter -->
<testsuite hostname="DESKTOP-OLGBC71" failures="0" tests="1" name="com.build.SuperModule" time="78.337" errors="0" timestamp="2024-09-25T19:13:51 IST" skipped="0">
  <testcase classname="com.build.SuperModule" name="m4" time="78.337"/>
  <system-out/>
</testsuite> <!-- com.build.SuperModule -->
